{"numFailedTestSuites":1,"numFailedTests":3,"numPassedTestSuites":1,"numPassedTests":5,"numPendingTestSuites":0,"numPendingTests":0,"numRuntimeErrorTestSuites":0,"numTodoTests":0,"numTotalTestSuites":2,"numTotalTests":8,"openHandles":[],"snapshot":{"added":0,"didUpdate":false,"failure":false,"filesAdded":0,"filesRemoved":0,"filesRemovedList":[],"filesUnmatched":0,"filesUpdated":0,"matched":0,"total":0,"unchecked":0,"uncheckedKeysByFile":[],"unmatched":0,"updated":0},"startTime":1753174720746,"success":false,"testResults":[{"assertionResults":[{"ancestorTitles":["AppointmentForm"],"failureMessages":[],"fullName":"AppointmentForm renders form fields","location":null,"status":"passed","title":"renders form fields"},{"ancestorTitles":["AppointmentForm"],"failureMessages":[],"fullName":"AppointmentForm validates fields and shows error","location":null,"status":"passed","title":"validates fields and shows error"},{"ancestorTitles":["AppointmentForm"],"failureMessages":[],"fullName":"AppointmentForm submits correctly on valid data","location":null,"status":"passed","title":"submits correctly on valid data"},{"ancestorTitles":["AppointmentForm"],"failureMessages":[],"fullName":"AppointmentForm handles backend error gracefully","location":null,"status":"passed","title":"handles backend error gracefully"}],"endTime":1753174723466,"message":"","name":"/home/coder/project/workspace/question_generation_service/solutions/bf93bb56-478d-4052-9bd4-54978cc43c8b/reactapp/src/components/AppointmentForm.test.js","startTime":1753174721653,"status":"passed","summary":""},{"assertionResults":[{"ancestorTitles":["AppointmentList"],"failureMessages":["Error: Unable to find an element by: [data-testid=\"reason-cell-11\"]\n\nIgnored nodes: comments, script, style\n\u001b[36m<body>\u001b[39m\n  \u001b[36m<div>\u001b[39m\n    \u001b[36m<div\u001b[39m\n      \u001b[33mclass\u001b[39m=\u001b[32m\"list-container\"\u001b[39m\n    \u001b[36m>\u001b[39m\n      \u001b[36m<h2\u001b[39m\n        \u001b[33mstyle\u001b[39m=\u001b[32m\"margin-bottom: 1.5rem;\"\u001b[39m\n      \u001b[36m>\u001b[39m\n        \u001b[0mAppointments\u001b[0m\n      \u001b[36m</h2>\u001b[39m\n      \u001b[36m<div\u001b[39m\n        \u001b[33mclass\u001b[39m=\u001b[32m\"filters-row\"\u001b[39m\n      \u001b[36m>\u001b[39m\n        \u001b[36m<label>\u001b[39m\n          \u001b[0mPatient\u001b[0m\n          \u001b[36m<select\u001b[39m\n            \u001b[33mdata-testid\u001b[39m=\u001b[32m\"patient-filter\"\u001b[39m\n            \u001b[33mstyle\u001b[39m=\u001b[32m\"margin-left: 8px;\"\u001b[39m\n          \u001b[36m>\u001b[39m\n            \u001b[36m<option\u001b[39m\n              \u001b[33mvalue\u001b[39m=\u001b[32m\"\"\u001b[39m\n            \u001b[36m>\u001b[39m\n              \u001b[0mSelect Patient\u001b[0m\n            \u001b[36m</option>\u001b[39m\n            \u001b[36m<option\u001b[39m\n              \u001b[33mvalue\u001b[39m=\u001b[32m\"1\"\u001b[39m\n            \u001b[36m>\u001b[39m\n              \u001b[0mAlice\u001b[0m\n            \u001b[36m</option>\u001b[39m\n            \u001b[36m<option\u001b[39m\n              \u001b[33mvalue\u001b[39m=\u001b[32m\"2\"\u001b[39m\n            \u001b[36m>\u001b[39m\n              \u001b[0mBob\u001b[0m\n            \u001b[36m</option>\u001b[39m\n          \u001b[36m</select>\u001b[39m\n        \u001b[36m</label>\u001b[39m\n        \u001b[36m<label>\u001b[39m\n          \u001b[0mStatus\u001b[0m\n          \u001b[36m<select\u001b[39m\n            \u001b[33mdata-testid\u001b[39m=\u001b[32m\"status-filter\"\u001b[39m\n            \u001b[33mstyle\u001b[39m=\u001b[32m\"margin-left: 8px;\"\u001b[39m\n          \u001b[36m>\u001b[39m\n            \u001b[36m<option\u001b[39m\n              \u001b[33mvalue\u001b[39m=\u001b[32m\"\"\u001b[39m\n            \u001b[36m>\u001b[39m\n              \u001b[0mAll\u001b[0m\n            \u001b[36m</option>\u001b[39m\n            \u001b[36m<option\u001b[39m\n              \u001b[33mvalue\u001b[39m=\u001b[32m\"REQUESTED\"\u001b[39m\n            \u001b[36m>\u001b[39m\n              \u001b[0mRequested\u001b[0m\n            \u001b[36m</option>\u001b[39m\n            \u001b[36m<option\u001b[39m\n              \u001b[33mvalue\u001b[39m=\u001b[32m\"APPROVED\"\u001b[39m\n            \u001b[36m>\u001b[39m\n              \u001b[0mApproved\u001b[0m\n            \u001b[36m</option>\u001b[39m\n            \u001b[36m<option\u001b[39m\n              \u001b[33mvalue\u001b[39m=\u001b[32m\"REJECTED\"\u001b[39m\n            \u001b[36m>\u001b[39m\n              \u001b[0mRejected\u001b[0m\n            \u001b[36m</option>\u001b[39m\n            \u001b[36m<option\u001b[39m\n              \u001b[33mvalue\u001b[39m=\u001b[32m\"COMPLETED\"\u001b[39m\n            \u001b[36m>\u001b[39m\n              \u001b[0mCompleted\u001b[0m\n            \u001b[36m</option>\u001b[39m\n          \u001b[36m</select>\u001b[39m\n        \u001b[36m</label>\u001b[39m\n      \u001b[36m</div>\u001b[39m\n      \u001b[36m<table\u001b[39m\n        \u001b[33mclass\u001b[39m=\u001b[32m\"appointments-table\"\u001b[39m\n      \u001b[36m>\u001b[39m\n        \u001b[36m<thead>\u001b[39m\n          \u001b[36m<tr>\u001b[39m\n            \u001b[36m<th>\u001b[39m\n              \u001b[0mID\u001b[0m\n            \u001b[36m</th>\u001b[39m\n            \u001b[36m<th>\u001b[39m\n              \u001b[0mPatient\u001b[0m\n            \u001b[36m</th>\u001b[39m\n            \u001b[36m<th>\u001b[39m\n              \u001b[0mDoctor\u001b[0m\n            \u001b[36m</th>\u001b[39m\n            \u001b[36m<th>\u001b[39m\n              \u001b[0mDate\u001b[0m\n            \u001b[36m</th>\u001b[39m\n            \u001b[36m<th>\u001b[39m\n              \u001b[0mTime\u001b[0m\n            \u001b[36m</th>\u001b[39m\n            \u001b[36m<th>\u001b[39m\n              \u001b[0mReason\u001b[0m\n            \u001b[36m</th>\u001b[39m\n            \u001b[36m<th>\u001b[39m\n              \u001b[0mStatus\u001b[0m\n            \u001b[36m</th>\u001b[39m\n            \u001b[36m<th>\u001b[39m\n              \u001b[0mActions\u001b[0m\n            \u001b[36m</th>\u001b[39m\n          \u001b[36m</tr>\u001b[39m\n        \u001b[36m</thead>\u001b[39m\n        \u001b[36m<tbody>\u001b[39m\n          \u001b[36m<tr>\u001b[39m\n            \u001b[36m<td\u001b[39m\n              \u001b[33mclass\u001b[39m=\u001b[32m\"empty-state\"\u001b[39m\n              \u001b[33mcolspan\u001b[39m=\u001b[32m\"8\"\u001b[39m\n              \u001b[33mdata-testid\u001b[39m=\u001b[32m\"no-appointments\"\u001b[39m\n            \u001b[36m>\u001b[39m\n              \u001b[0mNo appointments found.\u001b[0m\n            \u001b[36m</td>\u001b[39m\n          \u001b[36m</tr>\u001b[39m\n        \u001b[36m</tbody>\u001b[39m\n      \u001b[36m</table>\u001b[39m\n    \u001b[36m</div>\u001b[39m\n  \u001b[36m</div>\u001b[39m\n\u001b[36m</body>\u001b[39m\n    at waitForWrapper (/home/coder/project/workspace/question_generation_service/solutions/bf93bb56-478d-4052-9bd4-54978cc43c8b/reactapp/node_modules/@testing-library/react/node_modules/@testing-library/dom/dist/wait-for.js:166:27)\n    at selectPatientAndWait (/home/coder/project/workspace/question_generation_service/solutions/bf93bb56-478d-4052-9bd4-54978cc43c8b/reactapp/src/components/AppointmentList.test.js:49:18)\n    at processTicksAndRejections (node:internal/process/task_queues:95:5)\n    at Object.<anonymous> (/home/coder/project/workspace/question_generation_service/solutions/bf93bb56-478d-4052-9bd4-54978cc43c8b/reactapp/src/components/AppointmentList.test.js:56:5)"],"fullName":"AppointmentList renders patient and status filters and shows list","location":null,"status":"failed","title":"renders patient and status filters and shows list"},{"ancestorTitles":["AppointmentList"],"failureMessages":["Error: Unable to find an element by: [data-testid=\"reason-cell-11\"]\n\nIgnored nodes: comments, script, style\n\u001b[36m<body>\u001b[39m\n  \u001b[36m<div>\u001b[39m\n    \u001b[36m<div\u001b[39m\n      \u001b[33mclass\u001b[39m=\u001b[32m\"list-container\"\u001b[39m\n    \u001b[36m>\u001b[39m\n      \u001b[36m<h2\u001b[39m\n        \u001b[33mstyle\u001b[39m=\u001b[32m\"margin-bottom: 1.5rem;\"\u001b[39m\n      \u001b[36m>\u001b[39m\n        \u001b[0mAppointments\u001b[0m\n      \u001b[36m</h2>\u001b[39m\n      \u001b[36m<div\u001b[39m\n        \u001b[33mclass\u001b[39m=\u001b[32m\"filters-row\"\u001b[39m\n      \u001b[36m>\u001b[39m\n        \u001b[36m<label>\u001b[39m\n          \u001b[0mPatient\u001b[0m\n          \u001b[36m<select\u001b[39m\n            \u001b[33mdata-testid\u001b[39m=\u001b[32m\"patient-filter\"\u001b[39m\n            \u001b[33mstyle\u001b[39m=\u001b[32m\"margin-left: 8px;\"\u001b[39m\n          \u001b[36m>\u001b[39m\n            \u001b[36m<option\u001b[39m\n              \u001b[33mvalue\u001b[39m=\u001b[32m\"\"\u001b[39m\n            \u001b[36m>\u001b[39m\n              \u001b[0mSelect Patient\u001b[0m\n            \u001b[36m</option>\u001b[39m\n            \u001b[36m<option\u001b[39m\n              \u001b[33mvalue\u001b[39m=\u001b[32m\"1\"\u001b[39m\n            \u001b[36m>\u001b[39m\n              \u001b[0mAlice\u001b[0m\n            \u001b[36m</option>\u001b[39m\n            \u001b[36m<option\u001b[39m\n              \u001b[33mvalue\u001b[39m=\u001b[32m\"2\"\u001b[39m\n            \u001b[36m>\u001b[39m\n              \u001b[0mBob\u001b[0m\n            \u001b[36m</option>\u001b[39m\n          \u001b[36m</select>\u001b[39m\n        \u001b[36m</label>\u001b[39m\n        \u001b[36m<label>\u001b[39m\n          \u001b[0mStatus\u001b[0m\n          \u001b[36m<select\u001b[39m\n            \u001b[33mdata-testid\u001b[39m=\u001b[32m\"status-filter\"\u001b[39m\n            \u001b[33mstyle\u001b[39m=\u001b[32m\"margin-left: 8px;\"\u001b[39m\n          \u001b[36m>\u001b[39m\n            \u001b[36m<option\u001b[39m\n              \u001b[33mvalue\u001b[39m=\u001b[32m\"\"\u001b[39m\n            \u001b[36m>\u001b[39m\n              \u001b[0mAll\u001b[0m\n            \u001b[36m</option>\u001b[39m\n            \u001b[36m<option\u001b[39m\n              \u001b[33mvalue\u001b[39m=\u001b[32m\"REQUESTED\"\u001b[39m\n            \u001b[36m>\u001b[39m\n              \u001b[0mRequested\u001b[0m\n            \u001b[36m</option>\u001b[39m\n            \u001b[36m<option\u001b[39m\n              \u001b[33mvalue\u001b[39m=\u001b[32m\"APPROVED\"\u001b[39m\n            \u001b[36m>\u001b[39m\n              \u001b[0mApproved\u001b[0m\n            \u001b[36m</option>\u001b[39m\n            \u001b[36m<option\u001b[39m\n              \u001b[33mvalue\u001b[39m=\u001b[32m\"REJECTED\"\u001b[39m\n            \u001b[36m>\u001b[39m\n              \u001b[0mRejected\u001b[0m\n            \u001b[36m</option>\u001b[39m\n            \u001b[36m<option\u001b[39m\n              \u001b[33mvalue\u001b[39m=\u001b[32m\"COMPLETED\"\u001b[39m\n            \u001b[36m>\u001b[39m\n              \u001b[0mCompleted\u001b[0m\n            \u001b[36m</option>\u001b[39m\n          \u001b[36m</select>\u001b[39m\n        \u001b[36m</label>\u001b[39m\n      \u001b[36m</div>\u001b[39m\n      \u001b[36m<table\u001b[39m\n        \u001b[33mclass\u001b[39m=\u001b[32m\"appointments-table\"\u001b[39m\n      \u001b[36m>\u001b[39m\n        \u001b[36m<thead>\u001b[39m\n          \u001b[36m<tr>\u001b[39m\n            \u001b[36m<th>\u001b[39m\n              \u001b[0mID\u001b[0m\n            \u001b[36m</th>\u001b[39m\n            \u001b[36m<th>\u001b[39m\n              \u001b[0mPatient\u001b[0m\n            \u001b[36m</th>\u001b[39m\n            \u001b[36m<th>\u001b[39m\n              \u001b[0mDoctor\u001b[0m\n            \u001b[36m</th>\u001b[39m\n            \u001b[36m<th>\u001b[39m\n              \u001b[0mDate\u001b[0m\n            \u001b[36m</th>\u001b[39m\n            \u001b[36m<th>\u001b[39m\n              \u001b[0mTime\u001b[0m\n            \u001b[36m</th>\u001b[39m\n            \u001b[36m<th>\u001b[39m\n              \u001b[0mReason\u001b[0m\n            \u001b[36m</th>\u001b[39m\n            \u001b[36m<th>\u001b[39m\n              \u001b[0mStatus\u001b[0m\n            \u001b[36m</th>\u001b[39m\n            \u001b[36m<th>\u001b[39m\n              \u001b[0mActions\u001b[0m\n            \u001b[36m</th>\u001b[39m\n          \u001b[36m</tr>\u001b[39m\n        \u001b[36m</thead>\u001b[39m\n        \u001b[36m<tbody>\u001b[39m\n          \u001b[36m<tr>\u001b[39m\n            \u001b[36m<td\u001b[39m\n              \u001b[33mclass\u001b[39m=\u001b[32m\"empty-state\"\u001b[39m\n              \u001b[33mcolspan\u001b[39m=\u001b[32m\"8\"\u001b[39m\n              \u001b[33mdata-testid\u001b[39m=\u001b[32m\"no-appointments\"\u001b[39m\n            \u001b[36m>\u001b[39m\n              \u001b[0mNo appointments found.\u001b[0m\n            \u001b[36m</td>\u001b[39m\n          \u001b[36m</tr>\u001b[39m\n        \u001b[36m</tbody>\u001b[39m\n      \u001b[36m</table>\u001b[39m\n    \u001b[36m</div>\u001b[39m\n  \u001b[36m</div>\u001b[39m\n\u001b[36m</body>\u001b[39m\n    at waitForWrapper (/home/coder/project/workspace/question_generation_service/solutions/bf93bb56-478d-4052-9bd4-54978cc43c8b/reactapp/node_modules/@testing-library/react/node_modules/@testing-library/dom/dist/wait-for.js:166:27)\n    at selectPatientAndWait (/home/coder/project/workspace/question_generation_service/solutions/bf93bb56-478d-4052-9bd4-54978cc43c8b/reactapp/src/components/AppointmentList.test.js:49:18)\n    at Object.<anonymous> (/home/coder/project/workspace/question_generation_service/solutions/bf93bb56-478d-4052-9bd4-54978cc43c8b/reactapp/src/components/AppointmentList.test.js:66:5)"],"fullName":"AppointmentList filters by status","location":null,"status":"failed","title":"filters by status"},{"ancestorTitles":["AppointmentList"],"failureMessages":["Error: Unable to find an element by: [data-testid=\"reason-cell-11\"]\n\nIgnored nodes: comments, script, style\n\u001b[36m<body>\u001b[39m\n  \u001b[36m<div>\u001b[39m\n    \u001b[36m<div\u001b[39m\n      \u001b[33mclass\u001b[39m=\u001b[32m\"list-container\"\u001b[39m\n    \u001b[36m>\u001b[39m\n      \u001b[36m<h2\u001b[39m\n        \u001b[33mstyle\u001b[39m=\u001b[32m\"margin-bottom: 1.5rem;\"\u001b[39m\n      \u001b[36m>\u001b[39m\n        \u001b[0mAppointments\u001b[0m\n      \u001b[36m</h2>\u001b[39m\n      \u001b[36m<div\u001b[39m\n        \u001b[33mclass\u001b[39m=\u001b[32m\"filters-row\"\u001b[39m\n      \u001b[36m>\u001b[39m\n        \u001b[36m<label>\u001b[39m\n          \u001b[0mPatient\u001b[0m\n          \u001b[36m<select\u001b[39m\n            \u001b[33mdata-testid\u001b[39m=\u001b[32m\"patient-filter\"\u001b[39m\n            \u001b[33mstyle\u001b[39m=\u001b[32m\"margin-left: 8px;\"\u001b[39m\n          \u001b[36m>\u001b[39m\n            \u001b[36m<option\u001b[39m\n              \u001b[33mvalue\u001b[39m=\u001b[32m\"\"\u001b[39m\n            \u001b[36m>\u001b[39m\n              \u001b[0mSelect Patient\u001b[0m\n            \u001b[36m</option>\u001b[39m\n            \u001b[36m<option\u001b[39m\n              \u001b[33mvalue\u001b[39m=\u001b[32m\"1\"\u001b[39m\n            \u001b[36m>\u001b[39m\n              \u001b[0mAlice\u001b[0m\n            \u001b[36m</option>\u001b[39m\n            \u001b[36m<option\u001b[39m\n              \u001b[33mvalue\u001b[39m=\u001b[32m\"2\"\u001b[39m\n            \u001b[36m>\u001b[39m\n              \u001b[0mBob\u001b[0m\n            \u001b[36m</option>\u001b[39m\n          \u001b[36m</select>\u001b[39m\n        \u001b[36m</label>\u001b[39m\n        \u001b[36m<label>\u001b[39m\n          \u001b[0mStatus\u001b[0m\n          \u001b[36m<select\u001b[39m\n            \u001b[33mdata-testid\u001b[39m=\u001b[32m\"status-filter\"\u001b[39m\n            \u001b[33mstyle\u001b[39m=\u001b[32m\"margin-left: 8px;\"\u001b[39m\n          \u001b[36m>\u001b[39m\n            \u001b[36m<option\u001b[39m\n              \u001b[33mvalue\u001b[39m=\u001b[32m\"\"\u001b[39m\n            \u001b[36m>\u001b[39m\n              \u001b[0mAll\u001b[0m\n            \u001b[36m</option>\u001b[39m\n            \u001b[36m<option\u001b[39m\n              \u001b[33mvalue\u001b[39m=\u001b[32m\"REQUESTED\"\u001b[39m\n            \u001b[36m>\u001b[39m\n              \u001b[0mRequested\u001b[0m\n            \u001b[36m</option>\u001b[39m\n            \u001b[36m<option\u001b[39m\n              \u001b[33mvalue\u001b[39m=\u001b[32m\"APPROVED\"\u001b[39m\n            \u001b[36m>\u001b[39m\n              \u001b[0mApproved\u001b[0m\n            \u001b[36m</option>\u001b[39m\n            \u001b[36m<option\u001b[39m\n              \u001b[33mvalue\u001b[39m=\u001b[32m\"REJECTED\"\u001b[39m\n            \u001b[36m>\u001b[39m\n              \u001b[0mRejected\u001b[0m\n            \u001b[36m</option>\u001b[39m\n            \u001b[36m<option\u001b[39m\n              \u001b[33mvalue\u001b[39m=\u001b[32m\"COMPLETED\"\u001b[39m\n            \u001b[36m>\u001b[39m\n              \u001b[0mCompleted\u001b[0m\n            \u001b[36m</option>\u001b[39m\n          \u001b[36m</select>\u001b[39m\n        \u001b[36m</label>\u001b[39m\n      \u001b[36m</div>\u001b[39m\n      \u001b[36m<table\u001b[39m\n        \u001b[33mclass\u001b[39m=\u001b[32m\"appointments-table\"\u001b[39m\n      \u001b[36m>\u001b[39m\n        \u001b[36m<thead>\u001b[39m\n          \u001b[36m<tr>\u001b[39m\n            \u001b[36m<th>\u001b[39m\n              \u001b[0mID\u001b[0m\n            \u001b[36m</th>\u001b[39m\n            \u001b[36m<th>\u001b[39m\n              \u001b[0mPatient\u001b[0m\n            \u001b[36m</th>\u001b[39m\n            \u001b[36m<th>\u001b[39m\n              \u001b[0mDoctor\u001b[0m\n            \u001b[36m</th>\u001b[39m\n            \u001b[36m<th>\u001b[39m\n              \u001b[0mDate\u001b[0m\n            \u001b[36m</th>\u001b[39m\n            \u001b[36m<th>\u001b[39m\n              \u001b[0mTime\u001b[0m\n            \u001b[36m</th>\u001b[39m\n            \u001b[36m<th>\u001b[39m\n              \u001b[0mReason\u001b[0m\n            \u001b[36m</th>\u001b[39m\n            \u001b[36m<th>\u001b[39m\n              \u001b[0mStatus\u001b[0m\n            \u001b[36m</th>\u001b[39m\n            \u001b[36m<th>\u001b[39m\n              \u001b[0mActions\u001b[0m\n            \u001b[36m</th>\u001b[39m\n          \u001b[36m</tr>\u001b[39m\n        \u001b[36m</thead>\u001b[39m\n        \u001b[36m<tbody>\u001b[39m\n          \u001b[36m<tr>\u001b[39m\n            \u001b[36m<td\u001b[39m\n              \u001b[33mclass\u001b[39m=\u001b[32m\"empty-state\"\u001b[39m\n              \u001b[33mcolspan\u001b[39m=\u001b[32m\"8\"\u001b[39m\n              \u001b[33mdata-testid\u001b[39m=\u001b[32m\"no-appointments\"\u001b[39m\n            \u001b[36m>\u001b[39m\n              \u001b[0mNo appointments found.\u001b[0m\n            \u001b[36m</td>\u001b[39m\n          \u001b[36m</tr>\u001b[39m\n        \u001b[36m</tbody>\u001b[39m\n      \u001b[36m</table>\u001b[39m\n    \u001b[36m</div>\u001b[39m\n  \u001b[36m</div>\u001b[39m\n\u001b[36m</body>\u001b[39m\n    at waitForWrapper (/home/coder/project/workspace/question_generation_service/solutions/bf93bb56-478d-4052-9bd4-54978cc43c8b/reactapp/node_modules/@testing-library/react/node_modules/@testing-library/dom/dist/wait-for.js:166:27)\n    at selectPatientAndWait (/home/coder/project/workspace/question_generation_service/solutions/bf93bb56-478d-4052-9bd4-54978cc43c8b/reactapp/src/components/AppointmentList.test.js:49:18)\n    at Object.<anonymous> (/home/coder/project/workspace/question_generation_service/solutions/bf93bb56-478d-4052-9bd4-54978cc43c8b/reactapp/src/components/AppointmentList.test.js:76:5)"],"fullName":"AppointmentList can approve/reject appointment","location":null,"status":"failed","title":"can approve/reject appointment"},{"ancestorTitles":["AppointmentList"],"failureMessages":[],"fullName":"AppointmentList shows empty state when no appointments","location":null,"status":"passed","title":"shows empty state when no appointments"}],"endTime":1753174726370,"message":"  ● AppointmentList › renders patient and status filters and shows list\n\n    Unable to find an element by: [data-testid=\"reason-cell-11\"]\n\n    Ignored nodes: comments, script, style\n    \u001b[36m<body>\u001b[39m\n      \u001b[36m<div>\u001b[39m\n        \u001b[36m<div\u001b[39m\n          \u001b[33mclass\u001b[39m=\u001b[32m\"list-container\"\u001b[39m\n        \u001b[36m>\u001b[39m\n          \u001b[36m<h2\u001b[39m\n            \u001b[33mstyle\u001b[39m=\u001b[32m\"margin-bottom: 1.5rem;\"\u001b[39m\n          \u001b[36m>\u001b[39m\n            \u001b[0mAppointments\u001b[0m\n          \u001b[36m</h2>\u001b[39m\n          \u001b[36m<div\u001b[39m\n            \u001b[33mclass\u001b[39m=\u001b[32m\"filters-row\"\u001b[39m\n          \u001b[36m>\u001b[39m\n            \u001b[36m<label>\u001b[39m\n              \u001b[0mPatient\u001b[0m\n              \u001b[36m<select\u001b[39m\n                \u001b[33mdata-testid\u001b[39m=\u001b[32m\"patient-filter\"\u001b[39m\n                \u001b[33mstyle\u001b[39m=\u001b[32m\"margin-left: 8px;\"\u001b[39m\n              \u001b[36m>\u001b[39m\n                \u001b[36m<option\u001b[39m\n                  \u001b[33mvalue\u001b[39m=\u001b[32m\"\"\u001b[39m\n                \u001b[36m>\u001b[39m\n                  \u001b[0mSelect Patient\u001b[0m\n                \u001b[36m</option>\u001b[39m\n                \u001b[36m<option\u001b[39m\n                  \u001b[33mvalue\u001b[39m=\u001b[32m\"1\"\u001b[39m\n                \u001b[36m>\u001b[39m\n                  \u001b[0mAlice\u001b[0m\n                \u001b[36m</option>\u001b[39m\n                \u001b[36m<option\u001b[39m\n                  \u001b[33mvalue\u001b[39m=\u001b[32m\"2\"\u001b[39m\n                \u001b[36m>\u001b[39m\n                  \u001b[0mBob\u001b[0m\n                \u001b[36m</option>\u001b[39m\n              \u001b[36m</select>\u001b[39m\n            \u001b[36m</label>\u001b[39m\n            \u001b[36m<label>\u001b[39m\n              \u001b[0mStatus\u001b[0m\n              \u001b[36m<select\u001b[39m\n                \u001b[33mdata-testid\u001b[39m=\u001b[32m\"status-filter\"\u001b[39m\n                \u001b[33mstyle\u001b[39m=\u001b[32m\"margin-left: 8px;\"\u001b[39m\n              \u001b[36m>\u001b[39m\n                \u001b[36m<option\u001b[39m\n                  \u001b[33mvalue\u001b[39m=\u001b[32m\"\"\u001b[39m\n                \u001b[36m>\u001b[39m\n                  \u001b[0mAll\u001b[0m\n                \u001b[36m</option>\u001b[39m\n                \u001b[36m<option\u001b[39m\n                  \u001b[33mvalue\u001b[39m=\u001b[32m\"REQUESTED\"\u001b[39m\n                \u001b[36m>\u001b[39m\n                  \u001b[0mRequested\u001b[0m\n                \u001b[36m</option>\u001b[39m\n                \u001b[36m<option\u001b[39m\n                  \u001b[33mvalue\u001b[39m=\u001b[32m\"APPROVED\"\u001b[39m\n                \u001b[36m>\u001b[39m\n                  \u001b[0mApproved\u001b[0m\n                \u001b[36m</option>\u001b[39m\n                \u001b[36m<option\u001b[39m\n                  \u001b[33mvalue\u001b[39m=\u001b[32m\"REJECTED\"\u001b[39m\n                \u001b[36m>\u001b[39m\n                  \u001b[0mRejected\u001b[0m\n                \u001b[36m</option>\u001b[39m\n                \u001b[36m<option\u001b[39m\n                  \u001b[33mvalue\u001b[39m=\u001b[32m\"COMPLETED\"\u001b[39m\n                \u001b[36m>\u001b[39m\n                  \u001b[0mCompleted\u001b[0m\n                \u001b[36m</option>\u001b[39m\n              \u001b[36m</select>\u001b[39m\n            \u001b[36m</label>\u001b[39m\n          \u001b[36m</div>\u001b[39m\n          \u001b[36m<table\u001b[39m\n            \u001b[33mclass\u001b[39m=\u001b[32m\"appointments-table\"\u001b[39m\n          \u001b[36m>\u001b[39m\n            \u001b[36m<thead>\u001b[39m\n              \u001b[36m<tr>\u001b[39m\n                \u001b[36m<th>\u001b[39m\n                  \u001b[0mID\u001b[0m\n                \u001b[36m</th>\u001b[39m\n                \u001b[36m<th>\u001b[39m\n                  \u001b[0mPatient\u001b[0m\n                \u001b[36m</th>\u001b[39m\n                \u001b[36m<th>\u001b[39m\n                  \u001b[0mDoctor\u001b[0m\n                \u001b[36m</th>\u001b[39m\n                \u001b[36m<th>\u001b[39m\n                  \u001b[0mDate\u001b[0m\n                \u001b[36m</th>\u001b[39m\n                \u001b[36m<th>\u001b[39m\n                  \u001b[0mTime\u001b[0m\n                \u001b[36m</th>\u001b[39m\n                \u001b[36m<th>\u001b[39m\n                  \u001b[0mReason\u001b[0m\n                \u001b[36m</th>\u001b[39m\n                \u001b[36m<th>\u001b[39m\n                  \u001b[0mStatus\u001b[0m\n                \u001b[36m</th>\u001b[39m\n                \u001b[36m<th>\u001b[39m\n                  \u001b[0mActions\u001b[0m\n                \u001b[36m</th>\u001b[39m\n              \u001b[36m</tr>\u001b[39m\n            \u001b[36m</thead>\u001b[39m\n            \u001b[36m<tbody>\u001b[39m\n              \u001b[36m<tr>\u001b[39m\n                \u001b[36m<td\u001b[39m\n                  \u001b[33mclass\u001b[39m=\u001b[32m\"empty-state\"\u001b[39m\n                  \u001b[33mcolspan\u001b[39m=\u001b[32m\"8\"\u001b[39m\n                  \u001b[33mdata-testid\u001b[39m=\u001b[32m\"no-appointments\"\u001b[39m\n                \u001b[36m>\u001b[39m\n                  \u001b[0mNo appointments found.\u001b[0m\n                \u001b[36m</td>\u001b[39m\n              \u001b[36m</tr>\u001b[39m\n            \u001b[36m</tbody>\u001b[39m\n          \u001b[36m</table>\u001b[39m\n        \u001b[36m</div>\u001b[39m\n      \u001b[36m</div>\u001b[39m\n    \u001b[36m</body>\u001b[39m\n\n      47 |     fireEvent.change(await screen.findByTestId('patient-filter'), { target: { value: '1' } });\n      48 |     // Wait for the first text, then check second synchronously\n    > 49 |     await waitFor(() => {\n         |                  ^\n      50 |       expect(screen.getByTestId('reason-cell-11')).toBeInTheDocument();\n      51 |     });\n      52 |     expect(screen.getByTestId('reason-cell-12')).toBeInTheDocument();\n\n      at waitForWrapper (node_modules/@testing-library/react/node_modules/@testing-library/dom/dist/wait-for.js:166:27)\n      at selectPatientAndWait (src/components/AppointmentList.test.js:49:18)\n      at Object.<anonymous> (src/components/AppointmentList.test.js:56:5)\n\n  ● AppointmentList › filters by status\n\n    Unable to find an element by: [data-testid=\"reason-cell-11\"]\n\n    Ignored nodes: comments, script, style\n    \u001b[36m<body>\u001b[39m\n      \u001b[36m<div>\u001b[39m\n        \u001b[36m<div\u001b[39m\n          \u001b[33mclass\u001b[39m=\u001b[32m\"list-container\"\u001b[39m\n        \u001b[36m>\u001b[39m\n          \u001b[36m<h2\u001b[39m\n            \u001b[33mstyle\u001b[39m=\u001b[32m\"margin-bottom: 1.5rem;\"\u001b[39m\n          \u001b[36m>\u001b[39m\n            \u001b[0mAppointments\u001b[0m\n          \u001b[36m</h2>\u001b[39m\n          \u001b[36m<div\u001b[39m\n            \u001b[33mclass\u001b[39m=\u001b[32m\"filters-row\"\u001b[39m\n          \u001b[36m>\u001b[39m\n            \u001b[36m<label>\u001b[39m\n              \u001b[0mPatient\u001b[0m\n              \u001b[36m<select\u001b[39m\n                \u001b[33mdata-testid\u001b[39m=\u001b[32m\"patient-filter\"\u001b[39m\n                \u001b[33mstyle\u001b[39m=\u001b[32m\"margin-left: 8px;\"\u001b[39m\n              \u001b[36m>\u001b[39m\n                \u001b[36m<option\u001b[39m\n                  \u001b[33mvalue\u001b[39m=\u001b[32m\"\"\u001b[39m\n                \u001b[36m>\u001b[39m\n                  \u001b[0mSelect Patient\u001b[0m\n                \u001b[36m</option>\u001b[39m\n                \u001b[36m<option\u001b[39m\n                  \u001b[33mvalue\u001b[39m=\u001b[32m\"1\"\u001b[39m\n                \u001b[36m>\u001b[39m\n                  \u001b[0mAlice\u001b[0m\n                \u001b[36m</option>\u001b[39m\n                \u001b[36m<option\u001b[39m\n                  \u001b[33mvalue\u001b[39m=\u001b[32m\"2\"\u001b[39m\n                \u001b[36m>\u001b[39m\n                  \u001b[0mBob\u001b[0m\n                \u001b[36m</option>\u001b[39m\n              \u001b[36m</select>\u001b[39m\n            \u001b[36m</label>\u001b[39m\n            \u001b[36m<label>\u001b[39m\n              \u001b[0mStatus\u001b[0m\n              \u001b[36m<select\u001b[39m\n                \u001b[33mdata-testid\u001b[39m=\u001b[32m\"status-filter\"\u001b[39m\n                \u001b[33mstyle\u001b[39m=\u001b[32m\"margin-left: 8px;\"\u001b[39m\n              \u001b[36m>\u001b[39m\n                \u001b[36m<option\u001b[39m\n                  \u001b[33mvalue\u001b[39m=\u001b[32m\"\"\u001b[39m\n                \u001b[36m>\u001b[39m\n                  \u001b[0mAll\u001b[0m\n                \u001b[36m</option>\u001b[39m\n                \u001b[36m<option\u001b[39m\n                  \u001b[33mvalue\u001b[39m=\u001b[32m\"REQUESTED\"\u001b[39m\n                \u001b[36m>\u001b[39m\n                  \u001b[0mRequested\u001b[0m\n                \u001b[36m</option>\u001b[39m\n                \u001b[36m<option\u001b[39m\n                  \u001b[33mvalue\u001b[39m=\u001b[32m\"APPROVED\"\u001b[39m\n                \u001b[36m>\u001b[39m\n                  \u001b[0mApproved\u001b[0m\n                \u001b[36m</option>\u001b[39m\n                \u001b[36m<option\u001b[39m\n                  \u001b[33mvalue\u001b[39m=\u001b[32m\"REJECTED\"\u001b[39m\n                \u001b[36m>\u001b[39m\n                  \u001b[0mRejected\u001b[0m\n                \u001b[36m</option>\u001b[39m\n                \u001b[36m<option\u001b[39m\n                  \u001b[33mvalue\u001b[39m=\u001b[32m\"COMPLETED\"\u001b[39m\n                \u001b[36m>\u001b[39m\n                  \u001b[0mCompleted\u001b[0m\n                \u001b[36m</option>\u001b[39m\n              \u001b[36m</select>\u001b[39m\n            \u001b[36m</label>\u001b[39m\n          \u001b[36m</div>\u001b[39m\n          \u001b[36m<table\u001b[39m\n            \u001b[33mclass\u001b[39m=\u001b[32m\"appointments-table\"\u001b[39m\n          \u001b[36m>\u001b[39m\n            \u001b[36m<thead>\u001b[39m\n              \u001b[36m<tr>\u001b[39m\n                \u001b[36m<th>\u001b[39m\n                  \u001b[0mID\u001b[0m\n                \u001b[36m</th>\u001b[39m\n                \u001b[36m<th>\u001b[39m\n                  \u001b[0mPatient\u001b[0m\n                \u001b[36m</th>\u001b[39m\n                \u001b[36m<th>\u001b[39m\n                  \u001b[0mDoctor\u001b[0m\n                \u001b[36m</th>\u001b[39m\n                \u001b[36m<th>\u001b[39m\n                  \u001b[0mDate\u001b[0m\n                \u001b[36m</th>\u001b[39m\n                \u001b[36m<th>\u001b[39m\n                  \u001b[0mTime\u001b[0m\n                \u001b[36m</th>\u001b[39m\n                \u001b[36m<th>\u001b[39m\n                  \u001b[0mReason\u001b[0m\n                \u001b[36m</th>\u001b[39m\n                \u001b[36m<th>\u001b[39m\n                  \u001b[0mStatus\u001b[0m\n                \u001b[36m</th>\u001b[39m\n                \u001b[36m<th>\u001b[39m\n                  \u001b[0mActions\u001b[0m\n                \u001b[36m</th>\u001b[39m\n              \u001b[36m</tr>\u001b[39m\n            \u001b[36m</thead>\u001b[39m\n            \u001b[36m<tbody>\u001b[39m\n              \u001b[36m<tr>\u001b[39m\n                \u001b[36m<td\u001b[39m\n                  \u001b[33mclass\u001b[39m=\u001b[32m\"empty-state\"\u001b[39m\n                  \u001b[33mcolspan\u001b[39m=\u001b[32m\"8\"\u001b[39m\n                  \u001b[33mdata-testid\u001b[39m=\u001b[32m\"no-appointments\"\u001b[39m\n                \u001b[36m>\u001b[39m\n                  \u001b[0mNo appointments found.\u001b[0m\n                \u001b[36m</td>\u001b[39m\n              \u001b[36m</tr>\u001b[39m\n            \u001b[36m</tbody>\u001b[39m\n          \u001b[36m</table>\u001b[39m\n        \u001b[36m</div>\u001b[39m\n      \u001b[36m</div>\u001b[39m\n    \u001b[36m</body>\u001b[39m\n\n      47 |     fireEvent.change(await screen.findByTestId('patient-filter'), { target: { value: '1' } });\n      48 |     // Wait for the first text, then check second synchronously\n    > 49 |     await waitFor(() => {\n         |                  ^\n      50 |       expect(screen.getByTestId('reason-cell-11')).toBeInTheDocument();\n      51 |     });\n      52 |     expect(screen.getByTestId('reason-cell-12')).toBeInTheDocument();\n\n      at waitForWrapper (node_modules/@testing-library/react/node_modules/@testing-library/dom/dist/wait-for.js:166:27)\n      at selectPatientAndWait (src/components/AppointmentList.test.js:49:18)\n      at Object.<anonymous> (src/components/AppointmentList.test.js:66:5)\n\n  ● AppointmentList › can approve/reject appointment\n\n    Unable to find an element by: [data-testid=\"reason-cell-11\"]\n\n    Ignored nodes: comments, script, style\n    \u001b[36m<body>\u001b[39m\n      \u001b[36m<div>\u001b[39m\n        \u001b[36m<div\u001b[39m\n          \u001b[33mclass\u001b[39m=\u001b[32m\"list-container\"\u001b[39m\n        \u001b[36m>\u001b[39m\n          \u001b[36m<h2\u001b[39m\n            \u001b[33mstyle\u001b[39m=\u001b[32m\"margin-bottom: 1.5rem;\"\u001b[39m\n          \u001b[36m>\u001b[39m\n            \u001b[0mAppointments\u001b[0m\n          \u001b[36m</h2>\u001b[39m\n          \u001b[36m<div\u001b[39m\n            \u001b[33mclass\u001b[39m=\u001b[32m\"filters-row\"\u001b[39m\n          \u001b[36m>\u001b[39m\n            \u001b[36m<label>\u001b[39m\n              \u001b[0mPatient\u001b[0m\n              \u001b[36m<select\u001b[39m\n                \u001b[33mdata-testid\u001b[39m=\u001b[32m\"patient-filter\"\u001b[39m\n                \u001b[33mstyle\u001b[39m=\u001b[32m\"margin-left: 8px;\"\u001b[39m\n              \u001b[36m>\u001b[39m\n                \u001b[36m<option\u001b[39m\n                  \u001b[33mvalue\u001b[39m=\u001b[32m\"\"\u001b[39m\n                \u001b[36m>\u001b[39m\n                  \u001b[0mSelect Patient\u001b[0m\n                \u001b[36m</option>\u001b[39m\n                \u001b[36m<option\u001b[39m\n                  \u001b[33mvalue\u001b[39m=\u001b[32m\"1\"\u001b[39m\n                \u001b[36m>\u001b[39m\n                  \u001b[0mAlice\u001b[0m\n                \u001b[36m</option>\u001b[39m\n                \u001b[36m<option\u001b[39m\n                  \u001b[33mvalue\u001b[39m=\u001b[32m\"2\"\u001b[39m\n                \u001b[36m>\u001b[39m\n                  \u001b[0mBob\u001b[0m\n                \u001b[36m</option>\u001b[39m\n              \u001b[36m</select>\u001b[39m\n            \u001b[36m</label>\u001b[39m\n            \u001b[36m<label>\u001b[39m\n              \u001b[0mStatus\u001b[0m\n              \u001b[36m<select\u001b[39m\n                \u001b[33mdata-testid\u001b[39m=\u001b[32m\"status-filter\"\u001b[39m\n                \u001b[33mstyle\u001b[39m=\u001b[32m\"margin-left: 8px;\"\u001b[39m\n              \u001b[36m>\u001b[39m\n                \u001b[36m<option\u001b[39m\n                  \u001b[33mvalue\u001b[39m=\u001b[32m\"\"\u001b[39m\n                \u001b[36m>\u001b[39m\n                  \u001b[0mAll\u001b[0m\n                \u001b[36m</option>\u001b[39m\n                \u001b[36m<option\u001b[39m\n                  \u001b[33mvalue\u001b[39m=\u001b[32m\"REQUESTED\"\u001b[39m\n                \u001b[36m>\u001b[39m\n                  \u001b[0mRequested\u001b[0m\n                \u001b[36m</option>\u001b[39m\n                \u001b[36m<option\u001b[39m\n                  \u001b[33mvalue\u001b[39m=\u001b[32m\"APPROVED\"\u001b[39m\n                \u001b[36m>\u001b[39m\n                  \u001b[0mApproved\u001b[0m\n                \u001b[36m</option>\u001b[39m\n                \u001b[36m<option\u001b[39m\n                  \u001b[33mvalue\u001b[39m=\u001b[32m\"REJECTED\"\u001b[39m\n                \u001b[36m>\u001b[39m\n                  \u001b[0mRejected\u001b[0m\n                \u001b[36m</option>\u001b[39m\n                \u001b[36m<option\u001b[39m\n                  \u001b[33mvalue\u001b[39m=\u001b[32m\"COMPLETED\"\u001b[39m\n                \u001b[36m>\u001b[39m\n                  \u001b[0mCompleted\u001b[0m\n                \u001b[36m</option>\u001b[39m\n              \u001b[36m</select>\u001b[39m\n            \u001b[36m</label>\u001b[39m\n          \u001b[36m</div>\u001b[39m\n          \u001b[36m<table\u001b[39m\n            \u001b[33mclass\u001b[39m=\u001b[32m\"appointments-table\"\u001b[39m\n          \u001b[36m>\u001b[39m\n            \u001b[36m<thead>\u001b[39m\n              \u001b[36m<tr>\u001b[39m\n                \u001b[36m<th>\u001b[39m\n                  \u001b[0mID\u001b[0m\n                \u001b[36m</th>\u001b[39m\n                \u001b[36m<th>\u001b[39m\n                  \u001b[0mPatient\u001b[0m\n                \u001b[36m</th>\u001b[39m\n                \u001b[36m<th>\u001b[39m\n                  \u001b[0mDoctor\u001b[0m\n                \u001b[36m</th>\u001b[39m\n                \u001b[36m<th>\u001b[39m\n                  \u001b[0mDate\u001b[0m\n                \u001b[36m</th>\u001b[39m\n                \u001b[36m<th>\u001b[39m\n                  \u001b[0mTime\u001b[0m\n                \u001b[36m</th>\u001b[39m\n                \u001b[36m<th>\u001b[39m\n                  \u001b[0mReason\u001b[0m\n                \u001b[36m</th>\u001b[39m\n                \u001b[36m<th>\u001b[39m\n                  \u001b[0mStatus\u001b[0m\n                \u001b[36m</th>\u001b[39m\n                \u001b[36m<th>\u001b[39m\n                  \u001b[0mActions\u001b[0m\n                \u001b[36m</th>\u001b[39m\n              \u001b[36m</tr>\u001b[39m\n            \u001b[36m</thead>\u001b[39m\n            \u001b[36m<tbody>\u001b[39m\n              \u001b[36m<tr>\u001b[39m\n                \u001b[36m<td\u001b[39m\n                  \u001b[33mclass\u001b[39m=\u001b[32m\"empty-state\"\u001b[39m\n                  \u001b[33mcolspan\u001b[39m=\u001b[32m\"8\"\u001b[39m\n                  \u001b[33mdata-testid\u001b[39m=\u001b[32m\"no-appointments\"\u001b[39m\n                \u001b[36m>\u001b[39m\n                  \u001b[0mNo appointments found.\u001b[0m\n                \u001b[36m</td>\u001b[39m\n              \u001b[36m</tr>\u001b[39m\n            \u001b[36m</tbody>\u001b[39m\n          \u001b[36m</table>\u001b[39m\n        \u001b[36m</div>\u001b[39m\n      \u001b[36m</div>\u001b[39m\n    \u001b[36m</body>\u001b[39m\n\n      47 |     fireEvent.change(await screen.findByTestId('patient-filter'), { target: { value: '1' } });\n      48 |     // Wait for the first text, then check second synchronously\n    > 49 |     await waitFor(() => {\n         |                  ^\n      50 |       expect(screen.getByTestId('reason-cell-11')).toBeInTheDocument();\n      51 |     });\n      52 |     expect(screen.getByTestId('reason-cell-12')).toBeInTheDocument();\n\n      at waitForWrapper (node_modules/@testing-library/react/node_modules/@testing-library/dom/dist/wait-for.js:166:27)\n      at selectPatientAndWait (src/components/AppointmentList.test.js:49:18)\n      at Object.<anonymous> (src/components/AppointmentList.test.js:76:5)\n","name":"/home/coder/project/workspace/question_generation_service/solutions/bf93bb56-478d-4052-9bd4-54978cc43c8b/reactapp/src/components/AppointmentList.test.js","startTime":1753174721535,"status":"failed","summary":""}],"wasInterrupted":false}